# JRE version: OpenJDK Runtime Environment (21.0.7) (build 21.0.7+-13880790-b1038.58)
# Java VM: OpenJDK 64-Bit Server VM (21.0.7+-13880790-b1038.58, mixed mode, tiered, compressed oops, compressed class ptrs, g1 gc, windows-amd64)
GC Precious Log:
 CardTable entry size: 512
 Card Set container configuration: InlinePtr #cards 5 size 8 Array Of Cards #cards 12 size 40 Howl #buckets 4 coarsen threshold 1843 Howl Bitmap #cards 512 size 80 coarsen threshold 460 Card regions per heap region 1 cards per card region 2048
 CPUs: 8 total, 8 available
 Memory: 12171M
 Large Page Support: Disabled
 NUMA Support: Disabled
 Compressed Oops: Enabled (32-bit)
 Heap Region Size: 1M
 Heap Min Capacity: 8M
 Heap Initial Capacity: 192M
 Heap Max Capacity: 2G
 Pre-touch: Disabled
 Parallel Workers: 8
 Concurrent Workers: 2
 Concurrent Refinement Workers: 8
 Periodic GC: Disabled
Heap:
 garbage-first heap   total 263168K, used 198734K [0x0000000080000000, 0x0000000100000000)
  region size 1024K, 31 young (31744K), 8 survivors (8192K)
 Metaspace       used 143761K, committed 146240K, reserved 1179648K
  class space    used 18917K, committed 20160K, reserved 1048576K
GC Heap History (20 events):
Event: 115.826 GC heap before
{Heap before GC invocations=62 (full 0):
 garbage-first heap   total 239616K, used 179544K [0x0000000080000000, 0x0000000100000000)
  region size 1024K, 45 young (46080K), 8 survivors (8192K)
 Metaspace       used 126321K, committed 128640K, reserved 1179648K
  class space    used 17208K, committed 18368K, reserved 1048576K
}
Event: 115.846 GC heap after
{Heap after GC invocations=63 (full 0):
 garbage-first heap   total 239616K, used 139376K [0x0000000080000000, 0x0000000100000000)
  region size 1024K, 3 young (3072K), 3 survivors (3072K)
 Metaspace       used 126321K, committed 128640K, reserved 1179648K
  class space    used 17208K, committed 18368K, reserved 1048576K
}
Event: 117.739 GC heap before
{Heap before GC invocations=63 (full 0):
 garbage-first heap   total 239616K, used 195696K [0x0000000080000000, 0x0000000100000000)
  region size 1024K, 59 young (60416K), 3 survivors (3072K)
 Metaspace       used 126995K, committed 129280K, reserved 1179648K
  class space    used 17291K, committed 18432K, reserved 1048576K
}
Event: 117.757 GC heap after
{Heap after GC invocations=64 (full 0):
 garbage-first heap   total 239616K, used 144290K [0x0000000080000000, 0x0000000100000000)
  region size 1024K, 8 young (8192K), 8 survivors (8192K)
 Metaspace       used 126995K, committed 129280K, reserved 1179648K
  class space    used 17291K, committed 18432K, reserved 1048576K
}
Event: 125.737 GC heap before
{Heap before GC invocations=64 (full 0):
 garbage-first heap   total 239616K, used 204706K [0x0000000080000000, 0x0000000100000000)
  region size 1024K, 66 young (67584K), 8 survivors (8192K)
 Metaspace       used 130257K, committed 132608K, reserved 1179648K
  class space    used 17544K, committed 18688K, reserved 1048576K
}
Event: 125.760 GC heap after
{Heap after GC invocations=65 (full 0):
 garbage-first heap   total 239616K, used 146841K [0x0000000080000000, 0x0000000100000000)
  region size 1024K, 5 young (5120K), 5 survivors (5120K)
 Metaspace       used 130257K, committed 132608K, reserved 1179648K
  class space    used 17544K, committed 18688K, reserved 1048576K
}
Event: 170.470 GC heap before
{Heap before GC invocations=65 (full 0):
 garbage-first heap   total 239616K, used 206233K [0x0000000080000000, 0x0000000100000000)
  region size 1024K, 64 young (65536K), 5 survivors (5120K)
 Metaspace       used 135807K, committed 138240K, reserved 1179648K
  class space    used 18303K, committed 19520K, reserved 1048576K
}
Event: 170.484 GC heap after
{Heap after GC invocations=66 (full 0):
 garbage-first heap   total 239616K, used 151986K [0x0000000080000000, 0x0000000100000000)
  region size 1024K, 6 young (6144K), 6 survivors (6144K)
 Metaspace       used 135807K, committed 138240K, reserved 1179648K
  class space    used 18303K, committed 19520K, reserved 1048576K
}
Event: 239.827 GC heap before
{Heap before GC invocations=66 (full 0):
 garbage-first heap   total 239616K, used 210354K [0x0000000080000000, 0x0000000100000000)
  region size 1024K, 64 young (65536K), 6 survivors (6144K)
 Metaspace       used 142164K, committed 144640K, reserved 1179648K
  class space    used 18886K, committed 20096K, reserved 1048576K
}
Event: 239.841 GC heap after
{Heap after GC invocations=67 (full 0):
 garbage-first heap   total 239616K, used 152416K [0x0000000080000000, 0x0000000100000000)
  region size 1024K, 2 young (2048K), 2 survivors (2048K)
 Metaspace       used 142164K, committed 144640K, reserved 1179648K
  class space    used 18886K, committed 20096K, reserved 1048576K
}
Event: 244.599 GC heap before
{Heap before GC invocations=67 (full 0):
 garbage-first heap   total 239616K, used 216928K [0x0000000080000000, 0x0000000100000000)
  region size 1024K, 65 young (66560K), 2 survivors (2048K)
 Metaspace       used 142583K, committed 145024K, reserved 1179648K
  class space    used 18889K, committed 20096K, reserved 1048576K
}
Event: 244.619 GC heap after
{Heap after GC invocations=68 (full 0):
 garbage-first heap   total 239616K, used 159196K [0x0000000080000000, 0x0000000100000000)
  region size 1024K, 9 young (9216K), 9 survivors (9216K)
 Metaspace       used 142583K, committed 145024K, reserved 1179648K
  class space    used 18889K, committed 20096K, reserved 1048576K
}
Event: 276.462 GC heap before
{Heap before GC invocations=69 (full 0):
 garbage-first heap   total 263168K, used 210396K [0x0000000080000000, 0x0000000100000000)
  region size 1024K, 63 young (64512K), 9 survivors (9216K)
 Metaspace       used 142884K, committed 145344K, reserved 1179648K
  class space    used 18893K, committed 20096K, reserved 1048576K
}
Event: 276.493 GC heap after
{Heap after GC invocations=70 (full 0):
 garbage-first heap   total 263168K, used 161090K [0x0000000080000000, 0x0000000100000000)
  region size 1024K, 6 young (6144K), 6 survivors (6144K)
 Metaspace       used 142884K, committed 145344K, reserved 1179648K
  class space    used 18893K, committed 20096K, reserved 1048576K
}
Event: 426.470 GC heap before
{Heap before GC invocations=70 (full 0):
 garbage-first heap   total 263168K, used 238914K [0x0000000080000000, 0x0000000100000000)
  region size 1024K, 83 young (84992K), 6 survivors (6144K)
 Metaspace       used 143117K, committed 145600K, reserved 1179648K
  class space    used 18896K, committed 20096K, reserved 1048576K
}
Event: 426.493 GC heap after
{Heap after GC invocations=71 (full 0):
 garbage-first heap   total 263168K, used 161502K [0x0000000080000000, 0x0000000100000000)
  region size 1024K, 11 young (11264K), 11 survivors (11264K)
 Metaspace       used 143117K, committed 145600K, reserved 1179648K
  class space    used 18896K, committed 20096K, reserved 1048576K
}
Event: 615.486 GC heap before
{Heap before GC invocations=71 (full 0):
 garbage-first heap   total 263168K, used 236254K [0x0000000080000000, 0x0000000100000000)
  region size 1024K, 85 young (87040K), 11 survivors (11264K)
 Metaspace       used 143462K, committed 145856K, reserved 1179648K
  class space    used 18911K, committed 20096K, reserved 1048576K
}
Event: 615.527 GC heap after
{Heap after GC invocations=72 (full 0):
 garbage-first heap   total 263168K, used 168166K [0x0000000080000000, 0x0000000100000000)
  region size 1024K, 7 young (7168K), 7 survivors (7168K)
 Metaspace       used 143462K, committed 145856K, reserved 1179648K
  class space    used 18911K, committed 20096K, reserved 1048576K
}
Event: 617.898 GC heap before
{Heap before GC invocations=72 (full 0):
 garbage-first heap   total 263168K, used 240870K [0x0000000080000000, 0x0000000100000000)
  region size 1024K, 78 young (79872K), 7 survivors (7168K)
 Metaspace       used 143707K, committed 146176K, reserved 1179648K
  class space    used 18917K, committed 20160K, reserved 1048576K
}
Event: 617.927 GC heap after
{Heap after GC invocations=73 (full 0):
 garbage-first heap   total 263168K, used 176206K [0x0000000080000000, 0x0000000100000000)
  region size 1024K, 8 young (8192K), 8 survivors (8192K)
 Metaspace       used 143707K, committed 146176K, reserved 1179648K
  class space    used 18917K, committed 20160K, reserved 1048576K
}

